0 info it worked if it ends with ok
1 verbose cli [ 'node',
1 verbose cli   '/usr/local/bin/npm',
1 verbose cli   'install',
1 verbose cli   'method-override',
1 verbose cli   '--save' ]
2 info using npm@1.4.28
3 info using node@v0.10.33
4 verbose node symlink /usr/local/bin/node
5 warn package.json querystring@0.2.0 querystring is also the name of a node core module.
6 warn package.json url@0.10.1 url is also the name of a node core module.
7 verbose readDependencies using package.json deps
8 verbose cache add [ 'method-override', null ]
9 verbose cache add name=undefined spec="method-override" args=["method-override",null]
10 verbose parsed url { protocol: null,
10 verbose parsed url   slashes: null,
10 verbose parsed url   auth: null,
10 verbose parsed url   host: null,
10 verbose parsed url   port: null,
10 verbose parsed url   hostname: null,
10 verbose parsed url   hash: null,
10 verbose parsed url   search: null,
10 verbose parsed url   query: null,
10 verbose parsed url   pathname: 'method-override',
10 verbose parsed url   path: 'method-override',
10 verbose parsed url   href: 'method-override' }
11 silly lockFile 0b00fa9d-method-override method-override
12 verbose lock method-override /Users/chitopolo/.npm/0b00fa9d-method-override.lock
13 silly lockFile 0b00fa9d-method-override method-override
14 silly lockFile 0b00fa9d-method-override method-override
15 verbose addNamed [ 'method-override', '' ]
16 verbose addNamed [ null, '*' ]
17 silly lockFile dd70539b-method-override method-override@
18 verbose lock method-override@ /Users/chitopolo/.npm/dd70539b-method-override.lock
19 silly addNameRange { name: 'method-override', range: '*', hasData: false }
20 verbose request where is /method-override
21 verbose request registry https://registry.npmjs.org/
22 verbose request id 6f122c11e5e797ca
23 verbose url raw /method-override
24 verbose url resolving [ 'https://registry.npmjs.org/', './method-override' ]
25 verbose url resolved https://registry.npmjs.org/method-override
26 verbose request where is https://registry.npmjs.org/method-override
27 info trying registry request attempt 1 at 17:18:49
28 verbose etag "B4VFHWMAU1XKKW5VKICYI4Y3S"
29 http GET https://registry.npmjs.org/method-override
30 http 304 https://registry.npmjs.org/method-override
31 silly registry.get cb [ 304,
31 silly registry.get   { date: 'Sat, 10 Jan 2015 01:18:49 GMT',
31 silly registry.get     server: 'Apache',
31 silly registry.get     via: '1.1 varnish',
31 silly registry.get     'last-modified': 'Sat, 10 Jan 2015 01:18:49 GMT',
31 silly registry.get     'cache-control': 'max-age=60',
31 silly registry.get     etag: '"B4VFHWMAU1XKKW5VKICYI4Y3S"',
31 silly registry.get     age: '27',
31 silly registry.get     'x-served-by': 'cache-atl6235-ATL',
31 silly registry.get     'x-cache': 'HIT',
31 silly registry.get     'x-cache-hits': '1',
31 silly registry.get     'x-timer': 'S1420852729.791317,VS0,VE1',
31 silly registry.get     vary: 'Accept',
31 silly registry.get     'content-length': '0',
31 silly registry.get     'keep-alive': 'timeout=10, max=50',
31 silly registry.get     connection: 'Keep-Alive' } ]
32 verbose etag https://registry.npmjs.org/method-override from cache
33 silly addNameRange number 2 { name: 'method-override', range: '*', hasData: true }
34 silly addNameRange versions [ 'method-override',
34 silly addNameRange   [ '1.0.0',
34 silly addNameRange     '1.0.1',
34 silly addNameRange     '1.0.2',
34 silly addNameRange     '2.0.0',
34 silly addNameRange     '2.0.1',
34 silly addNameRange     '2.0.2',
34 silly addNameRange     '2.1.0',
34 silly addNameRange     '2.1.1',
34 silly addNameRange     '2.1.2',
34 silly addNameRange     '2.1.3',
34 silly addNameRange     '2.2.0',
34 silly addNameRange     '2.3.0',
34 silly addNameRange     '2.3.1' ] ]
35 verbose addNamed [ 'method-override', '2.3.1' ]
36 verbose addNamed [ '2.3.1', '2.3.1' ]
37 silly lockFile 80095fdc-method-override-2-3-1 method-override@2.3.1
38 verbose lock method-override@2.3.1 /Users/chitopolo/.npm/80095fdc-method-override-2-3-1.lock
39 silly lockFile 56088932-erride-method-override-2-3-1-tgz https://registry.npmjs.org/method-override/-/method-override-2.3.1.tgz
40 verbose lock https://registry.npmjs.org/method-override/-/method-override-2.3.1.tgz /Users/chitopolo/.npm/56088932-erride-method-override-2-3-1-tgz.lock
41 verbose addRemoteTarball [ 'https://registry.npmjs.org/method-override/-/method-override-2.3.1.tgz',
41 verbose addRemoteTarball   '59796b7ce565ae9f77f3b312447d2c0f938f93c6' ]
42 info retry fetch attempt 1 at 17:18:49
43 verbose fetch to= /var/folders/r2/yr95t1n53sz1m0nm5g2qfrwr0000gn/T/npm-41090-QQA3mP7A/registry.npmjs.org/method-override/-/method-override-2.3.1.tgz
44 http GET https://registry.npmjs.org/method-override/-/method-override-2.3.1.tgz
45 http 200 https://registry.npmjs.org/method-override/-/method-override-2.3.1.tgz
46 silly lockFile 56088932-erride-method-override-2-3-1-tgz https://registry.npmjs.org/method-override/-/method-override-2.3.1.tgz
47 silly lockFile 56088932-erride-method-override-2-3-1-tgz https://registry.npmjs.org/method-override/-/method-override-2.3.1.tgz
48 silly lockFile 80095fdc-method-override-2-3-1 method-override@2.3.1
49 silly lockFile 80095fdc-method-override-2-3-1 method-override@2.3.1
50 silly lockFile dd70539b-method-override method-override@
51 silly lockFile dd70539b-method-override method-override@
52 error Error: EACCES, mkdir '/Users/chitopolo/.npm/method-override/2.3.1'
52 error  { [Error: EACCES, mkdir '/Users/chitopolo/.npm/method-override/2.3.1']
52 error   errno: 3,
52 error   code: 'EACCES',
52 error   path: '/Users/chitopolo/.npm/method-override/2.3.1',
52 error   parent: 'streetmeet' }
53 error Please try running this command again as root/Administrator.
54 error System Darwin 14.1.0
55 error command "node" "/usr/local/bin/npm" "install" "method-override" "--save"
56 error cwd /Users/chitopolo/Desktop/HackReactor/thesis/project/Master/streetmeet
57 error node -v v0.10.33
58 error npm -v 1.4.28
59 error path /Users/chitopolo/.npm/method-override/2.3.1
60 error code EACCES
61 error errno 3
62 error stack Error: EACCES, mkdir '/Users/chitopolo/.npm/method-override/2.3.1'
63 verbose exit [ 3, true ]
