2015-01-12 22:29:14.074 streetMeet[4072:1428994] DiskCookieStorage changing policy from 2 to 0, cookie file: file:///Users/chitopolo/Library/Developer/CoreSimulator/Devices/73FA96DB-78A7-484E-85CA-B8F49D6BC022/data/Containers/Data/Application/73230175-D766-4CA9-BA9A-76735074E58E/Library/Cookies/Cookies.binarycookies
2015-01-12 22:29:14.388 streetMeet[4072:1428994] Apache Cordova native platform version 3.7.0 is starting.
2015-01-12 22:29:14.388 streetMeet[4072:1428994] Multi-tasking -> Device: YES, App: YES
2015-01-12 22:29:14.402 streetMeet[4072:1428994] Unlimited access to network resources
2015-01-12 22:29:15.275 streetMeet[4072:1428994] Resetting plugins due to page load.
2015-01-12 22:29:16.844 streetMeet[4072:1428994] Finished load of: http://10.95.192.177:8100/#/login
2015-01-12 22:29:34.988 streetMeet[4072:1428994] Setting the WebView's frame to {{0, 0}, {375, 623}}
2015-01-12 22:29:35.018 streetMeet[4072:1428994] THREAD WARNING: ['InAppBrowser'] took '329.115723' ms. Plugin should use a background thread.
2015-01-12 22:35:57.803 streetMeet[4072:1428994] locationManager::didFailWithError (null)
2015-01-12 23:26:30.684 streetMeet[9449:1470465] Apache Cordova native platform version 3.7.0 is starting.
2015-01-12 23:26:30.688 streetMeet[9449:1470465] Multi-tasking -> Device: YES, App: YES
2015-01-12 23:26:30.706 streetMeet[9449:1470465] Unlimited access to network resources
2015-01-12 23:26:31.571 streetMeet[9449:1470465] Resetting plugins due to page load.
2015-01-12 23:26:32.673 streetMeet[9449:1470465] Finished load of: http://10.95.192.177:8100/#/login
2015-01-12 23:31:20.127 streetMeet[9449:1470465] Setting the WebView's frame to {{0, 0}, {375, 623}}
2015-01-12 23:31:20.157 streetMeet[9449:1470465] THREAD WARNING: ['InAppBrowser'] took '332.446289' ms. Plugin should use a background thread.
2015-01-13 09:04:06.573 streetMeet[12339:1497139] Apache Cordova native platform version 3.7.0 is starting.
2015-01-13 09:04:06.575 streetMeet[12339:1497139] Multi-tasking -> Device: YES, App: YES
2015-01-13 09:04:06.591 streetMeet[12339:1497139] Unlimited access to network resources
2015-01-13 09:04:07.344 streetMeet[12339:1497139] Resetting plugins due to page load.
2015-01-13 09:04:07.970 streetMeet[12339:1497139] Finished load of: http://10.6.22.238:8100/
2015-01-13 09:04:32.424 streetMeet[12650:1498109] Apache Cordova native platform version 3.7.0 is starting.
2015-01-13 09:04:32.425 streetMeet[12650:1498109] Multi-tasking -> Device: YES, App: YES
2015-01-13 09:04:32.427 streetMeet[12650:1498109] Unlimited access to network resources
2015-01-13 09:04:32.819 streetMeet[12650:1498109] Resetting plugins due to page load.
2015-01-13 09:04:33.220 streetMeet[12650:1498109] Finished load of: http://10.6.22.238:8100/
2015-01-13 09:11:13.981 streetMeet[13536:1502746] Apache Cordova native platform version 3.7.0 is starting.
2015-01-13 09:11:13.982 streetMeet[13536:1502746] Multi-tasking -> Device: YES, App: YES
2015-01-13 09:11:13.983 streetMeet[13536:1502746] Unlimited access to network resources
2015-01-13 09:11:14.420 streetMeet[13536:1502746] Resetting plugins due to page load.
2015-01-13 09:11:14.919 streetMeet[13536:1502746] Finished load of: http://10.6.22.238:8100/
2015-01-13 09:13:08.843 streetMeet[13536:1504540] Terminating since there is no system app.
2015-01-13 09:19:44.053 streetMeet[15116:1514676] DiskCookieStorage changing policy from 2 to 0, cookie file: file:///Users/chitopolo/Library/Developer/CoreSimulator/Devices/73FA96DB-78A7-484E-85CA-B8F49D6BC022/data/Containers/Data/Application/763C716A-9B6E-4111-AF23-38F04CE4D22F/Library/Cookies/Cookies.binarycookies
2015-01-13 09:19:44.443 streetMeet[15116:1514676] Apache Cordova native platform version 3.7.0 is starting.
2015-01-13 09:19:44.443 streetMeet[15116:1514676] Multi-tasking -> Device: YES, App: YES
2015-01-13 09:19:44.457 streetMeet[15116:1514676] Unlimited access to network resources
2015-01-13 09:19:46.653 streetMeet[15116:1514676] Resetting plugins due to page load.
2015-01-13 09:19:47.720 streetMeet[15116:1514676] Finished load of: file:///Users/chitopolo/Library/Developer/CoreSimulator/Devices/73FA96DB-78A7-484E-85CA-B8F49D6BC022/data/Containers/Bundle/Application/33B459F2-1A64-4059-91FF-A691E14DEA33/streetMeet.app/www/index.html#/login
2015-01-13 09:19:50.686 streetMeet[15116:1514676] Setting the WebView's frame to {{0, 0}, {375, 623}}
2015-01-13 09:19:50.704 streetMeet[15116:1514676] THREAD WARNING: ['InAppBrowser'] took '272.121094' ms. Plugin should use a background thread.
2015-01-13 09:23:02.813 streetMeet[15116:1514676] Setting the WebView's frame to {{0, 0}, {375, 623}}
2015-01-13 09:23:02.820 streetMeet[15116:1514676] THREAD WARNING: ['InAppBrowser'] took '192.374023' ms. Plugin should use a background thread.
2015-01-13 09:23:27.939 streetMeet[15116:1514676] Setting the WebView's frame to {{0, 0}, {375, 623}}
2015-01-13 09:23:27.946 streetMeet[15116:1514676] THREAD WARNING: ['InAppBrowser'] took '196.100098' ms. Plugin should use a background thread.
2015-01-13 09:25:10.650 streetMeet[16123:1520848] Apache Cordova native platform version 3.7.0 is starting.
2015-01-13 09:25:10.652 streetMeet[16123:1520848] Multi-tasking -> Device: YES, App: YES
2015-01-13 09:25:10.666 streetMeet[16123:1520848] Unlimited access to network resources
2015-01-13 09:25:11.466 streetMeet[16123:1520848] Resetting plugins due to page load.
2015-01-13 09:25:12.429 streetMeet[16123:1520848] Finished load of: http://10.6.22.238:8100/#/login
2015-01-13 09:25:23.068 streetMeet[16123:1520848] Setting the WebView's frame to {{0, 0}, {375, 623}}
2015-01-13 09:25:23.098 streetMeet[16123:1520848] THREAD WARNING: ['InAppBrowser'] took '333.911377' ms. Plugin should use a background thread.
2015-01-13 09:49:11.378 streetMeet[20671:1546558] Apache Cordova native platform version 3.7.0 is starting.
2015-01-13 09:49:11.381 streetMeet[20671:1546558] Multi-tasking -> Device: YES, App: YES
2015-01-13 09:49:11.397 streetMeet[20671:1546558] Unlimited access to network resources
2015-01-13 09:49:12.258 streetMeet[20671:1546558] Resetting plugins due to page load.
2015-01-13 09:49:12.563 streetMeet[20671:1546558] Finished load of: http://10.95.192.177:8100/
2015-01-13 09:49:44.006 streetMeet[21020:1547882] Apache Cordova native platform version 3.7.0 is starting.
2015-01-13 09:49:44.007 streetMeet[21020:1547882] Multi-tasking -> Device: YES, App: YES
2015-01-13 09:49:44.008 streetMeet[21020:1547882] Unlimited access to network resources
2015-01-13 09:49:44.401 streetMeet[21020:1547882] Resetting plugins due to page load.
2015-01-13 09:49:44.651 streetMeet[21020:1547882] Finished load of: http://10.95.192.177:8100/
2015-01-13 09:51:08.500 streetMeet[21489:1550072] Apache Cordova native platform version 3.7.0 is starting.
2015-01-13 09:51:08.505 streetMeet[21489:1550072] Multi-tasking -> Device: YES, App: YES
2015-01-13 09:51:08.508 streetMeet[21489:1550072] Unlimited access to network resources
2015-01-13 09:51:08.952 streetMeet[21489:1550072] Resetting plugins due to page load.
2015-01-13 09:51:10.265 streetMeet[21489:1550072] Finished load of: http://10.95.192.177:8100/#/login
2015-01-13 09:51:18.359 streetMeet[21489:1550072] Setting the WebView's frame to {{0, 0}, {375, 623}}
2015-01-13 09:51:18.389 streetMeet[21489:1550072] THREAD WARNING: ['InAppBrowser'] took '304.272949' ms. Plugin should use a background thread.
2015-01-13 09:51:24.203 streetMeet[21489:1550072] Setting the WebView's frame to {{0, 0}, {375, 623}}
2015-01-13 09:51:24.208 streetMeet[21489:1550072] THREAD WARNING: ['InAppBrowser'] took '203.701904' ms. Plugin should use a background thread.
2015-01-13 09:51:41.329 streetMeet[21489:1550072] Resetting plugins due to page load.
2015-01-13 09:51:41.329 streetMeet[21489:1550072] IAB.close() called but it was already closed.
2015-01-13 09:51:42.358 streetMeet[21489:1550072] Finished load of: http://10.95.192.177:8100/#/login
2015-01-13 09:59:32.736 streetMeet[21489:1550072] Resetting plugins due to page load.
2015-01-13 09:59:32.743 streetMeet[21489:1550072] IAB.close() called but it was already closed.
2015-01-13 09:59:34.140 streetMeet[21489:1550072] Finished load of: http://10.95.192.177:8100/#/login
2015-01-13 09:59:36.185 streetMeet[21489:1550072] Resetting plugins due to page load.
2015-01-13 09:59:36.185 streetMeet[21489:1550072] IAB.close() called but it was already closed.
2015-01-13 09:59:37.167 streetMeet[21489:1550072] Finished load of: http://10.95.192.177:8100/#/login
2015-01-13 10:28:29.648 streetMeet[21489:1550072] Setting the WebView's frame to {{0, 0}, {375, 623}}
2015-01-13 10:28:29.701 streetMeet[21489:1550072] THREAD WARNING: ['InAppBrowser'] took '468.993896' ms. Plugin should use a background thread.
2015-01-13 10:28:30.081 streetMeet[21489:1550072] webView:didFailLoadWithError - -1005: The network connection was lost.
2015-01-13 10:29:33.237 streetMeet[25071:1580787] Apache Cordova native platform version 3.7.0 is starting.
2015-01-13 10:29:33.241 streetMeet[25071:1580787] Multi-tasking -> Device: YES, App: YES
2015-01-13 10:29:33.260 streetMeet[25071:1580787] Unlimited access to network resources
2015-01-13 10:29:33.985 streetMeet[25071:1580787] Resetting plugins due to page load.
2015-01-13 10:29:35.239 streetMeet[25071:1580787] Finished load of: http://10.6.22.238:8100/#/login
2015-01-13 10:29:38.011 streetMeet[25071:1580787] Setting the WebView's frame to {{0, 0}, {375, 623}}
2015-01-13 10:29:38.050 streetMeet[25071:1580787] THREAD WARNING: ['InAppBrowser'] took '411.416992' ms. Plugin should use a background thread.
2015-01-13 10:30:00.120 streetMeet[25071:1580787] webView:didFailLoadWithError - 102: Frame load interrupted
2015-01-13 10:30:01.081 streetMeet[25071:1580787] Setting the WebView's frame to {{0, 0}, {375, 623}}
2015-01-13 10:30:01.087 streetMeet[25071:1580787] THREAD WARNING: ['InAppBrowser'] took '196.204102' ms. Plugin should use a background thread.
2015-01-13 10:30:39.584 streetMeet[25746:1582981] Apache Cordova native platform version 3.7.0 is starting.
2015-01-13 10:30:39.586 streetMeet[25746:1582981] Multi-tasking -> Device: YES, App: YES
2015-01-13 10:30:39.587 streetMeet[25746:1582981] Unlimited access to network resources
2015-01-13 10:30:39.983 streetMeet[25746:1582981] Resetting plugins due to page load.
2015-01-13 10:30:40.955 streetMeet[25746:1582981] Finished load of: http://10.6.22.238:8100/#/login
2015-01-13 10:30:48.146 streetMeet[25746:1582981] Setting the WebView's frame to {{0, 0}, {375, 623}}
2015-01-13 10:30:48.157 streetMeet[25746:1582981] THREAD WARNING: ['InAppBrowser'] took '226.123291' ms. Plugin should use a background thread.
2015-01-13 10:31:27.681 streetMeet[25746:1582981] Resetting plugins due to page load.
2015-01-13 10:31:27.681 streetMeet[25746:1582981] IAB.close() called but it was already closed.
2015-01-13 10:31:28.557 streetMeet[25746:1582981] Finished load of: http://10.6.22.238:8100/#/login
2015-01-13 10:36:15.865 streetMeet[25746:1582981] Resetting plugins due to page load.
2015-01-13 10:36:15.866 streetMeet[25746:1582981] IAB.close() called but it was already closed.
2015-01-13 10:36:17.232 streetMeet[25746:1582981] Finished load of: http://10.6.22.238:8100/#/login
2015-01-13 10:37:18.724 streetMeet[25746:1582981] Resetting plugins due to page load.
2015-01-13 10:37:18.725 streetMeet[25746:1582981] IAB.close() called but it was already closed.
2015-01-13 10:37:19.453 streetMeet[25746:1582981] Finished load of: http://10.6.22.238:8100/#/login
2015-01-13 10:37:19.831 streetMeet[25746:1582981] Resetting plugins due to page load.
2015-01-13 10:37:19.832 streetMeet[25746:1582981] IAB.close() called but it was already closed.
2015-01-13 10:37:20.357 streetMeet[25746:1582981] Finished load of: http://10.6.22.238:8100/#/login
2015-01-13 10:37:57.830 streetMeet[27146:1590907] Apache Cordova native platform version 3.7.0 is starting.
2015-01-13 10:37:57.832 streetMeet[27146:1590907] Multi-tasking -> Device: YES, App: YES
2015-01-13 10:37:57.847 streetMeet[27146:1590907] Unlimited access to network resources
2015-01-13 10:37:58.551 streetMeet[27146:1590907] Resetting plugins due to page load.
2015-01-13 10:37:59.624 streetMeet[27146:1590907] Finished load of: http://10.6.22.238:8100/#/login
2015-01-13 10:38:04.663 streetMeet[27146:1590907] Setting the WebView's frame to {{0, 0}, {375, 623}}
2015-01-13 10:38:04.691 streetMeet[27146:1590907] THREAD WARNING: ['InAppBrowser'] took '328.841797' ms. Plugin should use a background thread.
2015-01-13 10:38:13.387 streetMeet[27146:1590907] THREAD WARNING: ['Geolocation'] took '49.361816' ms. Plugin should use a background thread.
2015-01-13 10:38:13.404 streetMeet[27146:1590907] THREAD WARNING: ['Geolocation'] took '16.241211' ms. Plugin should use a background thread.
2015-01-13 10:38:13.429 streetMeet[27146:1590907] locationManager::didFailWithError (null)
2015-01-13 18:54:53.600 streetMeet[64189:1860702] Apache Cordova native platform version 3.7.0 is starting.
2015-01-13 18:54:53.604 streetMeet[64189:1860702] Multi-tasking -> Device: YES, App: YES
2015-01-13 18:54:53.621 streetMeet[64189:1860702] Unlimited access to network resources
2015-01-13 18:54:54.526 streetMeet[64189:1860702] Resetting plugins due to page load.
2015-01-13 18:54:55.739 streetMeet[64189:1860702] Finished load of: http://10.6.22.238:8100/#/login
2015-01-13 18:55:01.125 streetMeet[64189:1860702] Setting the WebView's frame to {{0, 0}, {375, 623}}
2015-01-13 18:55:01.147 streetMeet[64189:1860702] THREAD WARNING: ['InAppBrowser'] took '295.336914' ms. Plugin should use a background thread.
2015-01-13 18:55:02.511 streetMeet[64189:1860702] THREAD WARNING: ['Geolocation'] took '34.877197' ms. Plugin should use a background thread.
2015-01-13 18:55:02.524 streetMeet[64189:1860702] locationManager::didFailWithError (null)
2015-01-13 19:22:14.654 streetMeet[66959:1881595] Apache Cordova native platform version 3.7.0 is starting.
2015-01-13 19:22:14.656 streetMeet[66959:1881595] Multi-tasking -> Device: YES, App: YES
2015-01-13 19:22:14.671 streetMeet[66959:1881595] Unlimited access to network resources
2015-01-13 19:22:15.514 streetMeet[66959:1881595] Resetting plugins due to page load.
2015-01-13 19:22:16.141 streetMeet[66959:1881595] Finished load of: file:///Users/chitopolo/Library/Developer/CoreSimulator/Devices/73FA96DB-78A7-484E-85CA-B8F49D6BC022/data/Containers/Bundle/Application/F4E80637-D5AE-4EB2-BAFF-41F1CF5970C3/streetMeet.app/www/index.html#/login
2015-01-13 19:22:24.819 streetMeet[66959:1881595] Setting the WebView's frame to {{0, 0}, {375, 623}}
2015-01-13 19:22:24.849 streetMeet[66959:1881595] THREAD WARNING: ['InAppBrowser'] took '316.548828' ms. Plugin should use a background thread.
2015-01-13 19:22:45.238 streetMeet[67299:1882664] Apache Cordova native platform version 3.7.0 is starting.
2015-01-13 19:22:45.240 streetMeet[67299:1882664] Multi-tasking -> Device: YES, App: YES
2015-01-13 19:22:45.241 streetMeet[67299:1882664] Unlimited access to network resources
2015-01-13 19:22:45.595 streetMeet[67299:1882664] Resetting plugins due to page load.
2015-01-13 19:22:46.053 streetMeet[67299:1882664] Finished load of: http://10.6.22.238:8100/#/login
2015-01-13 19:22:53.397 streetMeet[67299:1882664] Setting the WebView's frame to {{0, 0}, {375, 623}}
2015-01-13 19:22:53.408 streetMeet[67299:1882664] THREAD WARNING: ['InAppBrowser'] took '222.632812' ms. Plugin should use a background thread.
2015-01-13 19:22:54.692 streetMeet[67299:1882664] THREAD WARNING: ['Geolocation'] took '28.600830' ms. Plugin should use a background thread.
2015-01-13 19:26:55.570 streetMeet[68045:1886719] Apache Cordova native platform version 3.7.0 is starting.
2015-01-13 19:26:55.571 streetMeet[68045:1886719] Multi-tasking -> Device: YES, App: YES
2015-01-13 19:26:55.572 streetMeet[68045:1886719] Unlimited access to network resources
2015-01-13 19:26:56.017 streetMeet[68045:1886719] Resetting plugins due to page load.
2015-01-13 19:26:56.444 streetMeet[68045:1886719] Finished load of: http://10.6.22.238:8100/#/login
2015-01-13 19:27:00.324 streetMeet[68045:1886719] Setting the WebView's frame to {{0, 0}, {375, 623}}
2015-01-13 19:27:00.361 streetMeet[68045:1886719] THREAD WARNING: ['InAppBrowser'] took '420.635742' ms. Plugin should use a background thread.
2015-01-13 19:27:01.642 streetMeet[68045:1886719] THREAD WARNING: ['Geolocation'] took '30.447998' ms. Plugin should use a background thread.
2015-01-14 16:03:35.474 streetMeet[14017:747129] Apache Cordova native platform version 3.7.0 is starting.
2015-01-14 16:03:35.478 streetMeet[14017:747129] Multi-tasking -> Device: YES, App: YES
2015-01-14 16:03:35.496 streetMeet[14017:747129] Unlimited access to network resources
2015-01-14 16:03:36.305 streetMeet[14017:747129] Resetting plugins due to page load.
2015-01-14 16:03:36.961 streetMeet[14017:747129] Finished load of: file:///Users/LEIBO/Library/Developer/CoreSimulator/Devices/A5AC3ABF-9143-4C7B-AC92-D33C0A2CA8BB/data/Containers/Bundle/Application/A0A0704B-582C-4620-A8AE-B02C0E029775/streetMeet.app/www/index.html#/login
2015-01-14 16:04:21.487 streetMeet[15068:749188] Apache Cordova native platform version 3.7.0 is starting.
2015-01-14 16:04:21.488 streetMeet[15068:749188] Multi-tasking -> Device: YES, App: YES
2015-01-14 16:04:21.490 streetMeet[15068:749188] Unlimited access to network resources
2015-01-14 16:04:21.824 streetMeet[15068:749188] Resetting plugins due to page load.
2015-01-14 16:04:22.164 streetMeet[15068:749188] Finished load of: file:///Users/LEIBO/Library/Developer/CoreSimulator/Devices/A5AC3ABF-9143-4C7B-AC92-D33C0A2CA8BB/data/Containers/Bundle/Application/516B7A1E-BA92-4053-83CD-88121323C9AC/streetMeet.app/www/index.html#/login
2015-01-14 16:05:30.135 streetMeet[16114:751308] Apache Cordova native platform version 3.7.0 is starting.
2015-01-14 16:05:30.136 streetMeet[16114:751308] Multi-tasking -> Device: YES, App: YES
2015-01-14 16:05:30.137 streetMeet[16114:751308] Unlimited access to network resources
2015-01-14 16:05:30.404 streetMeet[16114:751308] Resetting plugins due to page load.
2015-01-14 16:05:30.763 streetMeet[16114:751308] Finished load of: file:///Users/LEIBO/Library/Developer/CoreSimulator/Devices/A5AC3ABF-9143-4C7B-AC92-D33C0A2CA8BB/data/Containers/Bundle/Application/1D1D5E75-9D4C-4DC8-AA17-882CB832C7DB/streetMeet.app/www/index.html#/login
2015-01-14 16:06:12.625 streetMeet[17122:753049] Apache Cordova native platform version 3.7.0 is starting.
2015-01-14 16:06:12.626 streetMeet[17122:753049] Multi-tasking -> Device: YES, App: YES
2015-01-14 16:06:12.629 streetMeet[17122:753049] Unlimited access to network resources
2015-01-14 16:06:13.013 streetMeet[17122:753049] Resetting plugins due to page load.
2015-01-14 16:06:13.319 streetMeet[17122:753049] Finished load of: file:///Users/LEIBO/Library/Developer/CoreSimulator/Devices/A5AC3ABF-9143-4C7B-AC92-D33C0A2CA8BB/data/Containers/Bundle/Application/0F87C80B-F3FF-481B-AFDC-782664ADDE24/streetMeet.app/www/index.html#/login
2015-01-14 16:07:12.697 streetMeet[17678:754665] Apache Cordova native platform version 3.7.0 is starting.
2015-01-14 16:07:12.698 streetMeet[17678:754665] Multi-tasking -> Device: YES, App: YES
2015-01-14 16:07:12.700 streetMeet[17678:754665] Unlimited access to network resources
2015-01-14 16:07:13.098 streetMeet[17678:754665] Resetting plugins due to page load.
2015-01-14 16:07:14.146 streetMeet[17678:754665] Finished load of: http://10.6.21.226:8100/#/login
2015-01-14 16:08:56.995 streetMeet[17678:754665] Setting the WebView's frame to {{0, 0}, {375, 623}}
2015-01-14 16:08:57.028 streetMeet[17678:754665] THREAD WARNING: ['InAppBrowser'] took '279.486328' ms. Plugin should use a background thread.
2015-01-14 16:09:00.573 streetMeet[17678:754665] locationManager::didFailWithError (null)
2015-01-14 16:09:44.735 streetMeet[18248:757084] Apache Cordova native platform version 3.7.0 is starting.
2015-01-14 16:09:44.739 streetMeet[18248:757084] Multi-tasking -> Device: YES, App: YES
2015-01-14 16:09:44.761 streetMeet[18248:757084] Unlimited access to network resources
2015-01-14 16:09:45.573 streetMeet[18248:757084] Resetting plugins due to page load.
2015-01-14 16:09:46.435 streetMeet[18248:757084] Finished load of: http://10.6.21.226:8100/#/login
2015-01-14 16:09:48.085 streetMeet[18248:757084] Setting the WebView's frame to {{0, 0}, {375, 623}}
2015-01-14 16:09:48.106 streetMeet[18248:757084] THREAD WARNING: ['InAppBrowser'] took '263.577393' ms. Plugin should use a background thread.
2015-01-14 16:09:49.912 streetMeet[18248:757084] locationManager::didFailWithError (null)
2015-01-14 16:11:21.596 streetMeet[18817:759285] Apache Cordova native platform version 3.7.0 is starting.
2015-01-14 16:11:21.597 streetMeet[18817:759285] Multi-tasking -> Device: YES, App: YES
2015-01-14 16:11:21.600 streetMeet[18817:759285] Unlimited access to network resources
2015-01-14 16:11:21.958 streetMeet[18817:759285] Resetting plugins due to page load.
2015-01-14 16:11:22.299 streetMeet[18817:759285] Finished load of: file:///Users/LEIBO/Library/Developer/CoreSimulator/Devices/A5AC3ABF-9143-4C7B-AC92-D33C0A2CA8BB/data/Containers/Bundle/Application/C3803021-D331-4BB9-967D-4EADD9859011/streetMeet.app/www/index.html#/login
2015-01-14 16:11:26.421 streetMeet[18817:759285] Setting the WebView's frame to {{0, 0}, {375, 623}}
2015-01-14 16:11:26.429 streetMeet[18817:759285] THREAD WARNING: ['InAppBrowser'] took '220.971191' ms. Plugin should use a background thread.
2015-01-14 16:11:45.092 streetMeet[19375:760497] Apache Cordova native platform version 3.7.0 is starting.
2015-01-14 16:11:45.094 streetMeet[19375:760497] Multi-tasking -> Device: YES, App: YES
2015-01-14 16:11:45.097 streetMeet[19375:760497] Unlimited access to network resources
2015-01-14 16:11:45.490 streetMeet[19375:760497] Resetting plugins due to page load.
2015-01-14 16:11:46.181 streetMeet[19375:760497] Finished load of: http://10.6.21.226:8100/#/login
2015-01-14 16:11:52.772 streetMeet[19375:760497] Setting the WebView's frame to {{0, 0}, {375, 623}}
2015-01-14 16:11:52.779 streetMeet[19375:760497] THREAD WARNING: ['InAppBrowser'] took '171.783936' ms. Plugin should use a background thread.
2015-01-14 16:11:54.199 streetMeet[19375:760497] locationManager::didFailWithError (null)
2015-01-14 16:12:33.572 streetMeet[19932:762035] Apache Cordova native platform version 3.7.0 is starting.
2015-01-14 16:12:33.574 streetMeet[19932:762035] Multi-tasking -> Device: YES, App: YES
2015-01-14 16:12:33.575 streetMeet[19932:762035] Unlimited access to network resources
2015-01-14 16:12:33.899 streetMeet[19932:762035] Resetting plugins due to page load.
2015-01-14 16:12:34.498 streetMeet[19932:762035] Finished load of: http://10.6.21.226:8100/#/login
2015-01-14 16:12:36.604 streetMeet[19932:762035] Setting the WebView's frame to {{0, 0}, {375, 623}}
2015-01-14 16:12:36.613 streetMeet[19932:762035] THREAD WARNING: ['InAppBrowser'] took '282.565918' ms. Plugin should use a background thread.
2015-01-14 16:12:38.092 streetMeet[19932:762035] locationManager::didFailWithError (null)
2015-01-14 16:14:14.857 streetMeet[20495:763862] Apache Cordova native platform version 3.7.0 is starting.
2015-01-14 16:14:14.858 streetMeet[20495:763862] Multi-tasking -> Device: YES, App: YES
2015-01-14 16:14:14.862 streetMeet[20495:763862] Unlimited access to network resources
2015-01-14 16:14:15.297 streetMeet[20495:763862] Resetting plugins due to page load.
2015-01-14 16:14:15.980 streetMeet[20495:763862] Finished load of: http://10.6.21.226:8100/#/login
2015-01-14 16:14:25.330 streetMeet[20495:763862] Setting the WebView's frame to {{0, 0}, {375, 623}}
2015-01-14 16:14:25.340 streetMeet[20495:763862] THREAD WARNING: ['InAppBrowser'] took '193.779785' ms. Plugin should use a background thread.
2015-01-14 16:14:27.654 streetMeet[20495:763862] THREAD WARNING: ['Geolocation'] took '14.738281' ms. Plugin should use a background thread.
2015-01-14 16:16:51.315 streetMeet[21557:766651] Apache Cordova native platform version 3.7.0 is starting.
2015-01-14 16:16:51.318 streetMeet[21557:766651] Multi-tasking -> Device: YES, App: YES
2015-01-14 16:16:51.335 streetMeet[21557:766651] Unlimited access to network resources
2015-01-14 16:16:52.100 streetMeet[21557:766651] Resetting plugins due to page load.
2015-01-14 16:16:53.083 streetMeet[21557:766651] Finished load of: http://10.6.21.226:8100/#/login
2015-01-14 16:16:56.629 streetMeet[21557:766651] Setting the WebView's frame to {{0, 0}, {375, 623}}
2015-01-14 16:16:56.651 streetMeet[21557:766651] THREAD WARNING: ['InAppBrowser'] took '290.992188' ms. Plugin should use a background thread.
2015-01-14 16:17:17.039 streetMeet[21557:766651] THREAD WARNING: ['Geolocation'] took '12.882812' ms. Plugin should use a background thread.
2015-01-14 16:20:08.311 streetMeet[21557:766651] Resetting plugins due to page load.
2015-01-14 16:20:08.312 streetMeet[21557:766651] IAB.close() called but it was already closed.
2015-01-14 16:20:10.314 streetMeet[21557:766651] Finished load of: http://10.6.21.226:8100/#/event/-Jfex1jKuNf7eGV0fwAY
2015-01-14 16:20:12.602 streetMeet[21557:766651] THREAD WARNING: ['Geolocation'] took '10.718018' ms. Plugin should use a background thread.
2015-01-14 16:20:25.746 streetMeet[21557:766651] THREAD WARNING: ['Geolocation'] took '10.868896' ms. Plugin should use a background thread.
2015-01-14 16:21:50.940 streetMeet[22633:771098] Apache Cordova native platform version 3.7.0 is starting.
2015-01-14 16:21:50.943 streetMeet[22633:771098] Multi-tasking -> Device: YES, App: YES
2015-01-14 16:21:50.961 streetMeet[22633:771098] Unlimited access to network resources
2015-01-14 16:21:51.861 streetMeet[22633:771098] Resetting plugins due to page load.
2015-01-14 16:21:52.827 streetMeet[22633:771098] Finished load of: http://10.6.21.226:8100/#/login
2015-01-14 16:22:21.760 streetMeet[22633:771098] Setting the WebView's frame to {{0, 0}, {375, 623}}
2015-01-14 16:22:21.836 streetMeet[22633:771098] THREAD WARNING: ['InAppBrowser'] took '650.547119' ms. Plugin should use a background thread.
2015-01-14 16:22:23.878 streetMeet[22633:771098] locationManager::didFailWithError (null)
2015-01-14 16:22:58.512 streetMeet[22633:771098] THREAD WARNING: ['Geolocation'] took '15.307861' ms. Plugin should use a background thread.
2015-01-14 16:24:12.144 streetMeet[22633:771098] Resetting plugins due to page load.
2015-01-14 16:24:12.145 streetMeet[22633:771098] IAB.close() called but it was already closed.
2015-01-14 16:24:13.479 streetMeet[22633:771098] Finished load of: http://10.6.21.226:8100/#/event/-Jfex1jKuNf7eGV0fwAY
2015-01-14 16:25:14.114 streetMeet[23684:774278] Apache Cordova native platform version 3.7.0 is starting.
2015-01-14 16:25:14.115 streetMeet[23684:774278] Multi-tasking -> Device: YES, App: YES
2015-01-14 16:25:14.137 streetMeet[23684:774278] Unlimited access to network resources
2015-01-14 16:25:15.189 streetMeet[23684:774278] Resetting plugins due to page load.
2015-01-14 16:25:16.732 streetMeet[23684:774278] Finished load of: http://10.6.21.226:8100/#/login
2015-01-14 16:25:18.747 streetMeet[23684:774278] Setting the WebView's frame to {{0, 0}, {375, 623}}
2015-01-14 16:25:18.768 streetMeet[23684:774278] THREAD WARNING: ['InAppBrowser'] took '360.093018' ms. Plugin should use a background thread.
2015-01-14 16:25:21.066 streetMeet[23684:774278] THREAD WARNING: ['Geolocation'] took '13.338135' ms. Plugin should use a background thread.
2015-01-14 16:27:34.117 streetMeet[23684:774278] Resetting plugins due to page load.
2015-01-14 16:27:34.118 streetMeet[23684:774278] IAB.close() called but it was already closed.
2015-01-14 16:27:36.417 streetMeet[23684:774278] Finished load of: http://10.6.21.226:8100/#/event/-Jfex1jKuNf7eGV0fwAY
2015-01-14 16:27:54.539 streetMeet[23684:774278] THREAD WARNING: ['Geolocation'] took '11.945557' ms. Plugin should use a background thread.
2015-01-14 16:27:54.770 streetMeet[23684:774278] THREAD WARNING: ['Geolocation'] took '189.617920' ms. Plugin should use a background thread.
2015-01-14 16:28:41.521 streetMeet[24734:777424] Apache Cordova native platform version 3.7.0 is starting.
2015-01-14 16:28:41.523 streetMeet[24734:777424] Multi-tasking -> Device: YES, App: YES
2015-01-14 16:28:41.543 streetMeet[24734:777424] Unlimited access to network resources
2015-01-14 16:28:42.327 streetMeet[24734:777424] Resetting plugins due to page load.
2015-01-14 16:28:43.184 streetMeet[24734:777424] Finished load of: http://10.6.21.226:8100/#/login
2015-01-14 16:28:47.053 streetMeet[24734:777424] Setting the WebView's frame to {{0, 0}, {375, 623}}
2015-01-14 16:28:47.072 streetMeet[24734:777424] THREAD WARNING: ['InAppBrowser'] took '447.329102' ms. Plugin should use a background thread.
2015-01-14 16:28:49.374 streetMeet[24734:777424] THREAD WARNING: ['Geolocation'] took '16.299072' ms. Plugin should use a background thread.
2015-01-14 16:29:33.143 streetMeet[24734:777424] Resetting plugins due to page load.
2015-01-14 16:29:33.144 streetMeet[24734:777424] IAB.close() called but it was already closed.
2015-01-14 16:29:34.202 streetMeet[24734:777424] Finished load of: http://10.6.21.226:8100/#/event/-Jfex1jKuNf7eGV0fwAY
2015-01-14 16:30:29.386 streetMeet[24734:777424] Resetting plugins due to page load.
2015-01-14 16:30:29.386 streetMeet[24734:777424] IAB.close() called but it was already closed.
2015-01-14 16:30:31.020 streetMeet[24734:777424] Finished load of: http://10.6.21.226:8100/#/event/-Jfex1jKuNf7eGV0fwAY
2015-01-14 16:35:31.053 streetMeet[24734:777424] Resetting plugins due to page load.
2015-01-14 16:35:31.053 streetMeet[24734:777424] IAB.close() called but it was already closed.
2015-01-14 16:35:33.625 streetMeet[24734:777424] Finished load of: http://10.6.21.226:8100/#/event/-Jfex1jKuNf7eGV0fwAY
2015-01-14 16:40:02.958 streetMeet[24734:777424] Resetting plugins due to page load.
2015-01-14 16:40:02.958 streetMeet[24734:777424] IAB.close() called but it was already closed.
2015-01-14 16:40:04.177 streetMeet[24734:777424] Finished load of: http://10.6.21.226:8100/#/event/-Jfex1jKuNf7eGV0fwAY
2015-01-14 16:40:34.880 streetMeet[24734:777424] Resetting plugins due to page load.
2015-01-14 16:40:34.880 streetMeet[24734:777424] IAB.close() called but it was already closed.
2015-01-14 16:40:36.547 streetMeet[24734:777424] Finished load of: http://10.6.21.226:8100/#/event/-Jfex1jKuNf7eGV0fwAY
2015-01-14 17:10:11.249 streetMeet[24734:777424] Resetting plugins due to page load.
2015-01-14 17:10:11.250 streetMeet[24734:777424] IAB.close() called but it was already closed.
2015-01-14 17:10:13.158 streetMeet[24734:777424] Finished load of: http://10.6.21.226:8100/#/event/-Jfex1jKuNf7eGV0fwAY
2015-01-14 17:10:45.688 streetMeet[24734:777424] Resetting plugins due to page load.
2015-01-14 17:10:45.688 streetMeet[24734:777424] IAB.close() called but it was already closed.
2015-01-14 17:10:49.289 streetMeet[24734:777424] Finished load of: http://10.6.21.226:8100/#/event/-Jfex1jKuNf7eGV0fwAY
2015-01-14 17:11:04.010 streetMeet[24734:777424] Resetting plugins due to page load.
2015-01-14 17:11:04.011 streetMeet[24734:777424] IAB.close() called but it was already closed.
2015-01-14 17:11:05.794 streetMeet[24734:777424] Finished load of: http://10.6.21.226:8100/#/event/-Jfex1jKuNf7eGV0fwAY
2015-01-14 17:11:55.183 streetMeet[24734:777424] Resetting plugins due to page load.
2015-01-14 17:11:55.183 streetMeet[24734:777424] IAB.close() called but it was already closed.
2015-01-14 17:11:56.007 streetMeet[24734:777424] Finished load of: http://10.6.21.226:8100/#/event/-Jfex1jKuNf7eGV0fwAY
